<?xml version="1.0" encoding="UTF-8"?>
<testng-results skipped="0" failed="0" ignored="0" total="1" passed="1">
  <reporter-output>
  </reporter-output>
  <suite name="Default suite" duration-ms="24505" started-at="2021-10-01T09:52:49 IST" finished-at="2021-10-01T09:53:14 IST">
    <groups>
      <group name="cucumber">
        <method signature="AbstractTestNGCucumberTests.runScenario(io.cucumber.testng.PickleWrapper,io.cucumber.testng.FeatureWrapper)[pri:0, instance:runners.ANZTestRunner@543c6f6d]" name="runScenario" class="io.cucumber.testng.AbstractTestNGCucumberTests"/>
      </group> <!-- cucumber -->
    </groups>
    <test name="Default test" duration-ms="24505" started-at="2021-10-01T09:52:49 IST" finished-at="2021-10-01T09:53:14 IST">
      <class name="runners.ANZTestRunner">
        <test-method status="PASS" signature="setUpClass()[pri:0, instance:runners.ANZTestRunner@543c6f6d]" name="setUpClass" is-config="true" duration-ms="1219" started-at="2021-10-01T09:52:49 IST" finished-at="2021-10-01T09:52:51 IST">
          <reporter-output>
          </reporter-output>
        </test-method> <!-- setUpClass -->
        <test-method status="PASS" signature="runScenario(io.cucumber.testng.PickleWrapper,io.cucumber.testng.FeatureWrapper)[pri:0, instance:runners.ANZTestRunner@543c6f6d]" name="runScenario" duration-ms="22652" started-at="2021-10-01T09:52:51 IST" description="Runs Cucumber Scenarios" data-provider="scenarios" finished-at="2021-10-01T09:53:13 IST">
          <params>
            <param index="0">
              <value>
                <![CDATA["Validate the functionality of start over button"]]>
              </value>
            </param>
            <param index="1">
              <value>
                <![CDATA["Optional[Acceptance testing to validate the ANZ Home page with form fields entry and]"]]>
              </value>
            </param>
          </params>
          <reporter-output>
          </reporter-output>
        </test-method> <!-- runScenario -->
        <test-method status="PASS" signature="tearDownClass()[pri:0, instance:runners.ANZTestRunner@543c6f6d]" name="tearDownClass" is-config="true" duration-ms="576" started-at="2021-10-01T09:53:13 IST" finished-at="2021-10-01T09:53:14 IST">
          <reporter-output>
          </reporter-output>
        </test-method> <!-- tearDownClass -->
      </class> <!-- runners.ANZTestRunner -->
    </test> <!-- Default test -->
  </suite> <!-- Default suite -->
</testng-results>
